0 info it worked if it ends with ok
1 verbose cli [ 'C:\\Program Files\\nodejs\\node.exe',
1 verbose cli   'C:\\Users\\ps-luan\\AppData\\Roaming\\npm\\node_modules\\npm\\bin\\npm-cli.js',
1 verbose cli   'run',
1 verbose cli   'dist' ]
2 info using npm@3.8.0
3 info using node@v5.10.1
4 verbose run-script [ 'predist', 'dist', 'postdist' ]
5 info lifecycle @pjmt-components/sample-panel@1.0.0~predist: @pjmt-components/sample-panel@1.0.0
6 silly lifecycle @pjmt-components/sample-panel@1.0.0~predist: no script for predist, continuing
7 info lifecycle @pjmt-components/sample-panel@1.0.0~dist: @pjmt-components/sample-panel@1.0.0
8 verbose lifecycle @pjmt-components/sample-panel@1.0.0~dist: unsafe-perm in lifecycle true
9 verbose lifecycle @pjmt-components/sample-panel@1.0.0~dist: PATH: C:\Users\ps-luan\AppData\Roaming\npm\node_modules\npm\bin\node-gyp-bin;D:\projetos\ng2-components\sample-panel\node_modules\.bin;C:\Program Files\nodejs;C:\ProgramData\Oracle\Java\javapath;C:\WINDOWS\system32;C:\WINDOWS;C:\WINDOWS\System32\Wbem;C:\WINDOWS\System32\WindowsPowerShell\v1.0\;C:\Program Files\Microsoft SQL Server\110\Tools\Binn\;C:\Program Files (x86)\Microsoft SDKs\TypeScript\1.0\;C:\Program Files (x86)\Microsoft SQL Server\100\Tools\Binn\;C:\Program Files\Microsoft SQL Server\100\Tools\Binn\;C:\Program Files\Microsoft SQL Server\100\DTS\Binn\;C:\Program Files (x86)\Microsoft SQL Server\100\Tools\Binn\VSShell\Common7\IDE\;C:\Program Files (x86)\Microsoft SQL Server\100\DTS\Binn\;C:\Program Files (x86)\Microsoft Visual Studio 9.0\Common7\IDE\PrivateAssemblies\;C:\Program Files\Microsoft SQL Server\110\DTS\Binn\;C:\Program Files (x86)\Microsoft SQL Server\110\Tools\Binn\;C:\Program Files (x86)\Microsoft SQL Server\110\Tools\Binn\ManagementStudio\;C:\Program Files (x86)\Microsoft Visual Studio 10.0\Common7\IDE\PrivateAssemblies\;C:\Program Files (x86)\Microsoft SQL Server\110\DTS\Binn\;C:\Program Files (x86)\GtkSharp\2.12\bin;C:\Program Files (x86)\Lua\5.1;C:\Program Files (x86)\Lua\5.1\clibs;C:\WINDOWS\system32\config\systemprofile\.dnx\bin;C:\Program Files\Microsoft DNX\Dnvm\;C:\Program Files\Microsoft SQL Server\120\Tools\Binn\;C:\Program Files (x86)\Windows Kits\10\Windows Performance Toolkit\;C:\wamp\bin\php\php5.5.12;C:\ProgramData\ComposerSetup\bin;C:\Program Files\Microsoft SQL Server\120\DTS\Binn\;C:\Program Files\Microsoft SQL Server\Client SDK\ODBC\110\Tools\Binn\;C:\Program Files (x86)\Microsoft SQL Server\120\Tools\Binn\;C:\Program Files (x86)\Microsoft SQL Server\120\Tools\Binn\ManagementStudio\;C:\Program Files (x86)\Microsoft SQL Server\120\DTS\Binn\;C:\HaxeToolkit\haxe\;C:\HaxeToolkit\neko;C:\Program Files\nodejs\;C:\Program Files (x86)\Microsoft Emulator Manager\1.0\;C:\Program Files\Git\cmd;C:\Program Files\TortoiseGit\bin;C:\Users\ps-luan\.dnx\runtimes\dnx-clr-win-x86.1.0.0-beta8\bin;C:\Users\ps-luan\.dnx\bin;C:\xampp\apache;C:\xampp\php;C:\AppServ\MySQL\bin;C:\Program Files (x86)\Wave Engine\Tools\AssetsExporter;c:\Users\ps-luan\AppData\Local\atom\bin;C:\Users\ps-luan\AppData\Local\atom\bin;C:\Program Files (x86)\Microsoft VS Code\bin;C:\Users\ps-luan\AppData\Roaming\Composer\vendor\bin;C:\Program Files (x86)\Ant\bin;C:\Users\ps-luan\AppData\Roaming\npm;C:\Program Files\Docker Toolbox
10 verbose lifecycle @pjmt-components/sample-panel@1.0.0~dist: CWD: D:\projetos\ng2-components\sample-panel
11 silly lifecycle @pjmt-components/sample-panel@1.0.0~dist: Args: [ '/d /s /c', 'gulp dist' ]
12 silly lifecycle @pjmt-components/sample-panel@1.0.0~dist: Returned: code: 1  signal: null
13 info lifecycle @pjmt-components/sample-panel@1.0.0~dist: Failed to exec dist script
14 verbose stack Error: @pjmt-components/sample-panel@1.0.0 dist: `gulp dist`
14 verbose stack Exit status 1
14 verbose stack     at EventEmitter.<anonymous> (C:\Users\ps-luan\AppData\Roaming\npm\node_modules\npm\lib\utils\lifecycle.js:239:16)
14 verbose stack     at emitTwo (events.js:100:13)
14 verbose stack     at EventEmitter.emit (events.js:185:7)
14 verbose stack     at ChildProcess.<anonymous> (C:\Users\ps-luan\AppData\Roaming\npm\node_modules\npm\lib\utils\spawn.js:24:14)
14 verbose stack     at emitTwo (events.js:100:13)
14 verbose stack     at ChildProcess.emit (events.js:185:7)
14 verbose stack     at maybeClose (internal/child_process.js:850:16)
14 verbose stack     at Process.ChildProcess._handle.onexit (internal/child_process.js:215:5)
15 verbose pkgid @pjmt-components/sample-panel@1.0.0
16 verbose cwd D:\projetos\ng2-components\sample-panel
17 error Windows_NT 10.0.10240
18 error argv "C:\\Program Files\\nodejs\\node.exe" "C:\\Users\\ps-luan\\AppData\\Roaming\\npm\\node_modules\\npm\\bin\\npm-cli.js" "run" "dist"
19 error node v5.10.1
20 error npm  v3.8.0
21 error code ELIFECYCLE
22 error @pjmt-components/sample-panel@1.0.0 dist: `gulp dist`
22 error Exit status 1
23 error Failed at the @pjmt-components/sample-panel@1.0.0 dist script 'gulp dist'.
23 error Make sure you have the latest version of node.js and npm installed.
23 error If you do, this is most likely a problem with the @pjmt-components/sample-panel package,
23 error not with npm itself.
23 error Tell the author that this fails on your system:
23 error     gulp dist
23 error You can get information on how to open an issue for this project with:
23 error     npm bugs @pjmt-components/sample-panel
23 error Or if that isn't available, you can get their info via:
23 error     npm owner ls @pjmt-components/sample-panel
23 error There is likely additional logging output above.
24 verbose exit [ 1, true ]
