0 info it worked if it ends with ok
1 verbose cli [ 'C:\\Program Files\\nodejs\\node.exe',
1 verbose cli   'C:\\Users\\ps-luan\\AppData\\Roaming\\npm\\node_modules\\npm\\bin\\npm-cli.js',
1 verbose cli   'publish' ]
2 info using npm@3.8.0
3 info using node@v5.10.1
4 verbose publish [ '.' ]
5 silly cache add args [ '.', null ]
6 verbose cache add spec .
7 silly cache add parsed spec Result {
7 silly cache add   raw: '.',
7 silly cache add   scope: null,
7 silly cache add   name: null,
7 silly cache add   rawSpec: '.',
7 silly cache add   spec: 'D:\\projetos\\ng2-components\\sample-component\\sample',
7 silly cache add   type: 'local' }
8 error addLocal Could not install D:\projetos\ng2-components\sample-component\sample
9 verbose stack Error: EISDIR: illegal operation on a directory, read
9 verbose stack     at Error (native)
10 verbose cwd D:\projetos\ng2-components\sample-component\sample
11 error Windows_NT 10.0.10240
12 error argv "C:\\Program Files\\nodejs\\node.exe" "C:\\Users\\ps-luan\\AppData\\Roaming\\npm\\node_modules\\npm\\bin\\npm-cli.js" "publish"
13 error node v5.10.1
14 error npm  v3.8.0
15 error code EISDIR
16 error errno -4068
17 error syscall read
18 error eisdir EISDIR: illegal operation on a directory, read
19 error eisdir This is most likely not a problem with npm itself
19 error eisdir and is related to npm not being able to find a package.json in
19 error eisdir a package you are trying to install.
20 verbose exit [ -4068, true ]
